#
# There is insufficient memory for the Java Runtime Environment to continue.
# Native memory allocation (malloc) failed to allocate 1048576 bytes. Error detail: AllocateHeap
# Possible reasons:
#   The system is out of physical RAM or swap space
#   This process is running with CompressedOops enabled, and the Java Heap may be blocking the growth of the native heap
# Possible solutions:
#   Reduce memory load on the system
#   Increase physical memory or swap space
#   Check if swap backing store is full
#   Decrease Java heap size (-Xmx/-Xms)
#   Decrease number of Java threads
#   Decrease Java thread stack sizes (-Xss)
#   Set larger code cache with -XX:ReservedCodeCacheSize=
#   JVM is running with Unscaled Compressed Oops mode in which the Java heap is
#     placed in the first 4GB address space. The Java Heap base address is the
#     maximum limit for the native heap growth. Please use -XX:HeapBaseMinAddress
#     to set the Java Heap base and to place the Java Heap above 4GB virtual address.
# This output file may be truncated or incomplete.
#
#  Out of Memory Error (allocation.cpp:44), pid=25276, tid=27044
#
# JRE version:  (21.0.8+1) (build )
# Java VM: OpenJDK 64-Bit Server VM (21.0.8+1-b1038.73, mixed mode, sharing, tiered, compressed oops, compressed class ptrs, g1 gc, windows-amd64)
# No core dump will be written. Minidumps are not enabled by default on client versions of Windows
#

---------------  S U M M A R Y ------------

Command Line: git4idea.http.GitAskPassApp Username for 'https://github.com': 

Host: AMD Ryzen 7 5700U with Radeon Graphics         , 16 cores, 15G,  Windows 11 , 64 bit Build 26100 (10.0.26100.6725)
Time: Fri Nov 28 15:25:30 2025 elapsed time: 0.048337 seconds (0d 0h 0m 0s)

---------------  T H R E A D  ---------------

Current thread (0x000002a0fa955340):  JavaThread "Unknown thread" [_thread_in_vm, id=27044, stack(0x000000e666200000,0x000000e666300000) (1024K)]

Stack: [0x000000e666200000,0x000000e666300000]
Native frames: (J=compiled Java code, j=interpreted, Vv=VM code, C=native code)
V  [jvm.dll+0x6ebeb9]
V  [jvm.dll+0x8cbec3]
V  [jvm.dll+0x8ce47e]
V  [jvm.dll+0x8ceb63]
V  [jvm.dll+0x28adf6]
V  [jvm.dll+0xc16b7]
V  [jvm.dll+0x336de5]
V  [jvm.dll+0x89330d]
V  [jvm.dll+0x3cda98]
V  [jvm.dll+0x87c368]
V  [jvm.dll+0x46283e]
V  [jvm.dll+0x464521]
C  [jli.dll+0x52ab]
C  [ucrtbase.dll+0x37b0]
C  [KERNEL32.DLL+0x2e8d7]
C  [ntdll.dll+0x8c53c]


---------------  P R O C E S S  ---------------

Threads class SMR info:
_java_thread_list=0x00007ffc9f6532c8, length=0, elements={
}

Java Threads: ( => current thread )
Total: 0

Other Threads:

=>0x000002a0fa955340 (exited) JavaThread "Unknown thread"    [_thread_in_vm, id=27044, stack(0x000000e666200000,0x000000e666300000) (1024K)]
Total: 1

Threads with active compile tasks:
Total: 0

VM state: not at safepoint (not fully initialized)

VM Mutex/Monitor currently owned by a thread: None

Heap address: 0x0000000000000000, size: 0 MB, Compressed Oops mode: 32-bit

CDS archive(s) mapped at: [0x0000000000000000-0x0000000000000000-0x0000000000000000), size 0, SharedBaseAddress: 0x0000000800000000, ArchiveRelocationMode: 1.
Narrow klass base: 0x0000000000000000, Narrow klass shift: 0, Narrow klass range: 0x0

GC Precious Log:
 CardTable entry size: 512
 Card Set container configuration: InlinePtr #cards 4 size 8 Array Of Cards #cards 16 size 48 Howl #buckets 8 coarsen threshold 3686 Howl Bitmap #cards 512 size 80 coarsen threshold 460 Card regions per heap region 1 cards per card region 4096

GC Heap History (0 events):
No events

Dll operation events (1 events):
Event: 0.010 Loaded shared library C:\Program Files\JetBrains\WebStorm 2025.2.4\jbr\bin\java.dll

Deoptimization events (0 events):
No events

Classes loaded (0 events):
No events

Classes unloaded (0 events):
No events

Classes redefined (0 events):
No events

Internal exceptions (0 events):
No events

ZGC Phase Switch (0 events):
No events

VM Operations (0 events):
No events

Memory protections (0 events):
No events

Nmethod flushes (0 events):
No events

Events (0 events):
No events


Dynamic libraries:
0x00007ff7aac00000 - 0x00007ff7aac0a000 	C:\Program Files\JetBrains\WebStorm 2025.2.4\jbr\bin\java.exe
0x00007ffd56960000 - 0x00007ffd56bc8000 	C:\WINDOWS\SYSTEM32\ntdll.dll
0x00007ffd55120000 - 0x00007ffd551e9000 	C:\WINDOWS\System32\KERNEL32.DLL
0x00007ffd53af0000 - 0x00007ffd53ee2000 	C:\WINDOWS\System32\KERNELBASE.dll
0x00007ffd54070000 - 0x00007ffd541bb000 	C:\WINDOWS\System32\ucrtbase.dll
0x00007ffd46560000 - 0x00007ffd46578000 	C:\Program Files\JetBrains\WebStorm 2025.2.4\jbr\bin\jli.dll
0x00007ffd48190000 - 0x00007ffd481ab000 	C:\Program Files\JetBrains\WebStorm 2025.2.4\jbr\bin\VCRUNTIME140.dll
0x00007ffd54740000 - 0x00007ffd54905000 	C:\WINDOWS\System32\USER32.dll
0x00007ffd54480000 - 0x00007ffd544a7000 	C:\WINDOWS\System32\win32u.dll
0x00007ffd56710000 - 0x00007ffd5673b000 	C:\WINDOWS\System32\GDI32.dll
0x00007ffd3a4b0000 - 0x00007ffd3a743000 	C:\WINDOWS\WinSxS\amd64_microsoft.windows.common-controls_6595b64144ccf1df_6.0.26100.6899_none_3e0efeeae32e88c1\COMCTL32.dll
0x00007ffd54570000 - 0x00007ffd5469d000 	C:\WINDOWS\System32\gdi32full.dll
0x00007ffd541c0000 - 0x00007ffd54263000 	C:\WINDOWS\System32\msvcp_win.dll
0x00007ffd54e30000 - 0x00007ffd54ed9000 	C:\WINDOWS\System32\msvcrt.dll
0x00007ffd55250000 - 0x00007ffd5527f000 	C:\WINDOWS\System32\IMM32.DLL
0x00007ffd4de40000 - 0x00007ffd4de4c000 	C:\Program Files\JetBrains\WebStorm 2025.2.4\jbr\bin\vcruntime140_1.dll
0x00007ffd13120000 - 0x00007ffd131ad000 	C:\Program Files\JetBrains\WebStorm 2025.2.4\jbr\bin\msvcp140.dll
0x00007ffc9e9f0000 - 0x00007ffc9f7bb000 	C:\Program Files\JetBrains\WebStorm 2025.2.4\jbr\bin\server\jvm.dll
0x00007ffd562d0000 - 0x00007ffd56384000 	C:\WINDOWS\System32\ADVAPI32.dll
0x00007ffd55070000 - 0x00007ffd55116000 	C:\WINDOWS\System32\sechost.dll
0x00007ffd54ce0000 - 0x00007ffd54df8000 	C:\WINDOWS\System32\RPCRT4.dll
0x00007ffd55dc0000 - 0x00007ffd55e34000 	C:\WINDOWS\System32\WS2_32.dll
0x00007ffd53950000 - 0x00007ffd539ae000 	C:\WINDOWS\SYSTEM32\POWRPROF.dll
0x00007ffd49400000 - 0x00007ffd4940b000 	C:\WINDOWS\SYSTEM32\VERSION.dll
0x00007ffd45e70000 - 0x00007ffd45ea5000 	C:\WINDOWS\SYSTEM32\WINMM.dll
0x00007ffd53930000 - 0x00007ffd53944000 	C:\WINDOWS\SYSTEM32\UMPDC.dll
0x00007ffd528c0000 - 0x00007ffd528db000 	C:\WINDOWS\SYSTEM32\kernel.appcore.dll
0x00007ffd4c8b0000 - 0x00007ffd4c8ba000 	C:\Program Files\JetBrains\WebStorm 2025.2.4\jbr\bin\jimage.dll
0x00007ffd4cb00000 - 0x00007ffd4cd42000 	C:\WINDOWS\SYSTEM32\DBGHELP.DLL
0x00007ffd56390000 - 0x00007ffd5670b000 	C:\WINDOWS\System32\combase.dll
0x00007ffd54f60000 - 0x00007ffd55037000 	C:\WINDOWS\System32\OLEAUT32.dll
0x00007ffd492c0000 - 0x00007ffd492fc000 	C:\WINDOWS\SYSTEM32\dbgcore.DLL
0x00007ffd543e0000 - 0x00007ffd54478000 	C:\WINDOWS\System32\bcryptPrimitives.dll
0x00007ffd48150000 - 0x00007ffd48170000 	C:\Program Files\JetBrains\WebStorm 2025.2.4\jbr\bin\java.dll

JVMTI agents: none

dbghelp: loaded successfully - version: 4.0.5 - missing functions: none
symbol engine: initialized successfully - sym options: 0x614 - pdb path: .;C:\Program Files\JetBrains\WebStorm 2025.2.4\jbr\bin;C:\WINDOWS\SYSTEM32;C:\WINDOWS\WinSxS\amd64_microsoft.windows.common-controls_6595b64144ccf1df_6.0.26100.6899_none_3e0efeeae32e88c1;C:\Program Files\JetBrains\WebStorm 2025.2.4\jbr\bin\server

VM Arguments:
java_command: git4idea.http.GitAskPassApp Username for 'https://github.com': 
java_class_path (initial): C:/Program Files/JetBrains/WebStorm 2025.2.4/plugins/vcs-git/lib/git4idea-rt.jar;C:/Program Files/JetBrains/WebStorm 2025.2.4/lib/externalProcess-rt.jar
Launcher Type: SUN_STANDARD

[Global flags]
     intx CICompilerCount                          = 12                                        {product} {ergonomic}
     uint ConcGCThreads                            = 3                                         {product} {ergonomic}
     uint G1ConcRefinementThreads                  = 13                                        {product} {ergonomic}
   size_t G1HeapRegionSize                         = 2097152                                   {product} {ergonomic}
    uintx GCDrainStackTargetSize                   = 64                                        {product} {ergonomic}
   size_t InitialHeapSize                          = 260046848                                 {product} {ergonomic}
   size_t MarkStackSize                            = 4194304                                   {product} {ergonomic}
   size_t MaxHeapSize                              = 4131389440                                {product} {ergonomic}
   size_t MinHeapDeltaBytes                        = 2097152                                   {product} {ergonomic}
   size_t MinHeapSize                              = 8388608                                   {product} {ergonomic}
    uintx NonNMethodCodeHeapSize                   = 7602480                                {pd product} {ergonomic}
    uintx NonProfiledCodeHeapSize                  = 122027880                              {pd product} {ergonomic}
    uintx ProfiledCodeHeapSize                     = 122027880                              {pd product} {ergonomic}
    uintx ReservedCodeCacheSize                    = 251658240                              {pd product} {ergonomic}
     bool SegmentedCodeCache                       = true                                      {product} {ergonomic}
   size_t SoftMaxHeapSize                          = 4131389440                             {manageable} {ergonomic}
     bool UseCompressedOops                        = true                           {product lp64_product} {ergonomic}
     bool UseG1GC                                  = true                                      {product} {ergonomic}
     bool UseLargePagesIndividualAllocation        = false                                  {pd product} {ergonomic}

Logging:
Log output configuration:
 #0: stdout all=warning uptime,level,tags foldmultilines=false
 #1: stderr all=off uptime,level,tags foldmultilines=false

Environment Variables:
PATH=C:\Program Files\Git\mingw64\libexec\git-core;C:\Program Files\Git\mingw64\libexec\git-core;C:\Program Files\Git\mingw64\bin;C:\Program Files\Git\usr\bin;C:\Users\Nataliia\bin;C:\WINDOWS\system32;C:\WINDOWS;C:\WINDOWS\System32\Wbem;C:\WINDOWS\System32\WindowsPowerShell\v1.0;C:\WINDOWS\System32\OpenSSH;C:\Program Files\Git\cmd;C:\Program Files\Git\usr\bin;C:\Users\Nataliia\AppData\Local\Microsoft\WindowsApps;C:\Users\Nataliia\AppData\Local\Programs\Microsoft VS Code\bin;C:\Users\Nataliia\AppData\Roaming\Programs\Zero Install
USERNAME=Nataliia
DISPLAY=:0.0
LC_ALL=en_US.UTF-8
TERM=xterm-256color
TMPDIR=C:\Users\Nataliia\AppData\Local\Temp
OS=Windows_NT
PROCESSOR_IDENTIFIER=AMD64 Family 23 Model 104 Stepping 1, AuthenticAMD
TMP=C:\Users\Nataliia\AppData\Local\Temp
TEMP=C:\Users\Nataliia\AppData\Local\Temp




Periodic native trim disabled

JNI global refs:
JNI global refs: 0, weak refs: 0

JNI global refs memory usage: 0, weak refs: 0

Process memory usage:
Resident Set Size: 12192K (0% of 16133188K total physical memory with 2202656K free physical memory)

OOME stack traces (most recent first):
Classloader memory used:

---------------  S Y S T E M  ---------------

OS:
 Windows 11 , 64 bit Build 26100 (10.0.26100.6725)
OS uptime: 13 days 14:25 hours

CPU: total 16 (initial active 16) (16 cores per cpu, 2 threads per core) family 23 model 104 stepping 1 microcode 0x8608103, cx8, cmov, fxsr, ht, mmx, 3dnowpref, sse, sse2, sse3, ssse3, sse4a, sse4.1, sse4.2, popcnt, lzcnt, tsc, tscinvbit, avx, avx2, aes, clmul, bmi1, bmi2, adx, sha, fma, vzeroupper, clflush, clflushopt, rdtscp, rdpid, f16c
Processor Information for the first 16 processors :
  Max Mhz: 1801, Current Mhz: 1801, Mhz Limit: 1801

Memory: 4k page, system-wide physical 15755M (2151M free)
TotalPageFile size 23947M (AvailPageFile size 5M)
current process WorkingSet (physical memory assigned to process): 11M, peak: 11M
current process commit charge ("private bytes"): 20M, peak: 21M

vm_info: OpenJDK 64-Bit Server VM (21.0.8+1-b1038.73) for windows-amd64 JRE (21.0.8+1-b1038.73), built on 2025-09-24 by "builduser" with MS VC++ 16.10 / 16.11 (VS2019)

END.
